<?xml version="1.0" encoding="UTF-8"?>
<testsuites name="login" time="13" tests="2" failures="0" errors="0">
   <testsuite name="login" tests="2" failures="0" errors="0" time="13" timestamp="2018-05-04 11:49:57" hostname="hwanta - DESKTOP-0ALRP70" id="Test Suites/login">
      <properties>
         <property name="deviceName" value=""/>
         <property name="devicePlatform" value=""/>
         <property name="logFolder" value="C:\\Users\\godo\\Katalon Studio\\front\\Reports\\login\\20180504_114955"/>
         <property name="logFiles" value="C:\\Users\\godo\\Katalon Studio\\front\\Reports\\login\\20180504_114955\\execution0.log"/>
         <property name="attachments" value=""/>
         <property name="hostName" value="hwanta - DESKTOP-0ALRP70"/>
         <property name="os" value="Windows 10 64bit"/>
         <property name="katalonVersion" value="5.4.0.1"/>
         <property name="browser" value="Chrome 66.0.3359.139"/>
         <property name="hostAddress" value="10.77.236.189"/>
         <property name="sessionId" value="488f096516e08538936946b09a50fb1b"/>
         <property name="seleniumVersion" value="3.7.1"/>
         <property name="proxyInformation" value="ProxyInformation{proxyOption=NO_PROXY, proxyServerType=HTTP, password=, proxyServerAddress=, proxyServerPort=0}"/>
         <property name="platform" value="Windows 10"/>
      </properties>
      <testcase name="Test Cases/login/login_invalid_logout" classname="Test Cases/login/login_invalid_logout" status="PASSED">
         <system-out><![CDATA[2018-05-04 11:49:57 - [TEST_CASE][PASSED] - Test Cases/login/login_invalid_logout: Test Cases/login/login_invalid_logout

2018-05-04 11:49:57 - [TEST_STEP][PASSED] - openBrowser: Browser is opened with url: 'g5stdhwanta7.godomall.com'

2018-05-04 11:49:59 - [MESSAGE][PASSED] - Browser is opened with url: 'g5stdhwanta7.godomall.com'

2018-05-04 11:49:59 - [TEST_STEP][PASSED] - click: Object: 'Object Repository/TOP/top_navi/header_login' is clicked on

2018-05-04 11:50:00 - [MESSAGE][PASSED] - Object: 'Object Repository/TOP/top_navi/header_login' is clicked on

2018-05-04 11:50:00 - [TEST_STEP][PASSED] - setText: Text 'hwanta' is set on object 'Object Repository/Page/Page_login/input_loginId'

2018-05-04 11:50:00 - [MESSAGE][PASSED] - Text 'hwanta' is set on object 'Object Repository/Page/Page_login/input_loginId'

2018-05-04 11:50:00 - [TEST_STEP][PASSED] - setText: Text '7894561231' is set on object 'Object Repository/Page/Page_login/input_loginPwd'

2018-05-04 11:50:00 - [MESSAGE][PASSED] - Text '7894561231' is set on object 'Object Repository/Page/Page_login/input_loginPwd'

2018-05-04 11:50:00 - [TEST_STEP][PASSED] - click: Object: 'Object Repository/Page/Page_login/button_login' is clicked on

2018-05-04 11:50:00 - [MESSAGE][PASSED] - Object: 'Object Repository/Page/Page_login/button_login' is clicked on

2018-05-04 11:50:00 - [TEST_STEP][PASSED] - delay: Delayed 3 second(s)

2018-05-04 11:50:03 - [MESSAGE][PASSED] - Delayed 3 second(s)

2018-05-04 11:50:03 - [TEST_STEP][PASSED] - acceptAlert: Alert accepted

2018-05-04 11:50:03 - [MESSAGE][PASSED] - Alert accepted

2018-05-04 11:50:03 - [TEST_STEP][PASSED] - setText: Text 'hwanta' is set on object 'Object Repository/Page/Page_login/input_loginId'

2018-05-04 11:50:03 - [MESSAGE][PASSED] - Text 'hwanta' is set on object 'Object Repository/Page/Page_login/input_loginId'

2018-05-04 11:50:03 - [TEST_STEP][PASSED] - setText: Text '789456123w' is set on object 'Object Repository/Page/Page_login/input_loginPwd'

2018-05-04 11:50:03 - [MESSAGE][PASSED] - Text '789456123w' is set on object 'Object Repository/Page/Page_login/input_loginPwd'

2018-05-04 11:50:03 - [TEST_STEP][PASSED] - click: Object: 'Object Repository/Page/Page_login/button_login' is clicked on

2018-05-04 11:50:03 - [MESSAGE][PASSED] - Object: 'Object Repository/Page/Page_login/button_login' is clicked on

2018-05-04 11:50:03 - [TEST_STEP][PASSED] - click: Object: 'Object Repository/TOP/top_navi/header_logout' is clicked on

2018-05-04 11:50:05 - [MESSAGE][PASSED] - Object: 'Object Repository/TOP/top_navi/header_logout' is clicked on

2018-05-04 11:50:05 - [TEST_STEP][PASSED] - delay: Delayed 3 second(s)

2018-05-04 11:50:08 - [MESSAGE][PASSED] - Delayed 3 second(s)

2018-05-04 11:50:08 - [TEST_STEP][PASSED] - acceptAlert: Alert accepted

2018-05-04 11:50:08 - [MESSAGE][PASSED] - Alert accepted]]></system-out>
         <system-err><![CDATA[]]></system-err>
      </testcase>
      <testcase name="Test Cases/login/login_valid" classname="Test Cases/login/login_valid" status="PASSED">
         <system-out><![CDATA[2018-05-04 11:50:08 - [TEST_CASE][PASSED] - Test Cases/login/login_valid: Test Cases/login/login_valid

2018-05-04 11:50:08 - [TEST_STEP][PASSED] - openBrowser: Browser is opened with url: 'g5stdhwanta7.godomall.com'

2018-05-04 11:50:09 - [MESSAGE][PASSED] - Browser is opened with url: 'g5stdhwanta7.godomall.com'

2018-05-04 11:50:09 - [TEST_STEP][PASSED] - click: Object: 'Object Repository/TOP/top_navi/header_login' is clicked on

2018-05-04 11:50:10 - [MESSAGE][PASSED] - Object: 'Object Repository/TOP/top_navi/header_login' is clicked on

2018-05-04 11:50:10 - [TEST_STEP][PASSED] - setText: Text 'hwanta' is set on object 'Object Repository/Page/Page_login/input_loginId'

2018-05-04 11:50:10 - [MESSAGE][PASSED] - Text 'hwanta' is set on object 'Object Repository/Page/Page_login/input_loginId'

2018-05-04 11:50:10 - [TEST_STEP][PASSED] - setText: Text '789456123w' is set on object 'Object Repository/Page/Page_login/input_loginPwd'

2018-05-04 11:50:10 - [MESSAGE][PASSED] - Text '789456123w' is set on object 'Object Repository/Page/Page_login/input_loginPwd'

2018-05-04 11:50:10 - [TEST_STEP][PASSED] - click: Object: 'Object Repository/Page/Page_login/button_login' is clicked on

2018-05-04 11:50:10 - [MESSAGE][PASSED] - Object: 'Object Repository/Page/Page_login/button_login' is clicked on]]></system-out>
         <system-err><![CDATA[]]></system-err>
      </testcase>
      <system-out><![CDATA[2018-05-04 11:49:57 - [TEST_SUITE][PASSED] - login: Test Cases/login/login_valid]]></system-out>
      <system-err><![CDATA[]]></system-err>
   </testsuite>
</testsuites>
